<?xml version="1.0" encoding="UTF-8"?>
<testng-results ignored="0" total="1" passed="1" failed="0" skipped="0">
  <reporter-output>
  </reporter-output>
  <suite started-at="2022-03-31T11:52:11 IST" name="Default suite" finished-at="2022-03-31T11:52:15 IST" duration-ms="3392">
    <groups>
    </groups>
    <test started-at="2022-03-31T11:52:11 IST" name="Default test" finished-at="2022-03-31T11:52:15 IST" duration-ms="3392">
      <class name="RATesting.TC01_Get_Request">
        <test-method signature="GetResponse()[pri:0, instance:RATesting.TC01_Get_Request@67c33749]" started-at="2022-03-31T11:52:11 IST" name="GetResponse" finished-at="2022-03-31T11:52:15 IST" duration-ms="3317" status="PASS">
          <reporter-output>
          </reporter-output>
        </test-method> <!-- GetResponse -->
      </class> <!-- RATesting.TC01_Get_Request -->
    </test> <!-- Default test -->
  </suite> <!-- Default suite -->
</testng-results>
